[0.008s] Invoking command in '/home/ichan/ros2_sim/build/bot_sim': CMAKE_PREFIX_PATH=${CMAKE_PREFIX_PATH}:/opt/ros/humble /usr/bin/cmake --build /home/ichan/ros2_sim/build/bot_sim -- -j16 -l16
[0.030s] -- Found ament_cmake: 1.3.11 (/opt/ros/humble/share/ament_cmake/cmake)
[0.115s] -- Override CMake install command with custom implementation using symlinks instead of copying resources
[0.120s] -- Found rclcpp: 16.0.12 (/opt/ros/humble/share/rclcpp/cmake)
[0.139s] -- Found rosidl_generator_c: 3.1.6 (/opt/ros/humble/share/rosidl_generator_c/cmake)
[0.141s] -- Found rosidl_adapter: 3.1.6 (/opt/ros/humble/share/rosidl_adapter/cmake)
[0.145s] -- Found rosidl_generator_cpp: 3.1.6 (/opt/ros/humble/share/rosidl_generator_cpp/cmake)
[0.151s] -- Using all available rosidl_typesupport_c: rosidl_typesupport_fastrtps_c;rosidl_typesupport_introspection_c
[0.159s] -- Using all available rosidl_typesupport_cpp: rosidl_typesupport_fastrtps_cpp;rosidl_typesupport_introspection_cpp
[0.181s] -- Found rmw_implementation_cmake: 6.1.2 (/opt/ros/humble/share/rmw_implementation_cmake/cmake)
[0.183s] -- Found rmw_fastrtps_cpp: 6.2.7 (/opt/ros/humble/share/rmw_fastrtps_cpp/cmake)
[0.272s] -- Using RMW implementation 'rmw_fastrtps_cpp' as default
[0.308s] -- Found geometry_msgs: 4.8.0 (/opt/ros/humble/share/geometry_msgs/cmake)
[0.369s] -- Configuring done
[0.376s] -- Generating done
[0.378s] -- Build files have been written to: /home/ichan/ros2_sim/build/bot_sim
[0.405s] [35m[1mConsolidate compiler generated dependencies of target color_segmentation_node[0m
[0.426s] [ 25%] [32mBuilding CXX object CMakeFiles/color_segmentation_node.dir/src/color_segmentation_node.cpp.o[0m
[0.427s] [ 50%] [32mBuilding CXX object CMakeFiles/color_segmentation_node.dir/src/utils.cpp.o[0m
[0.429s] [ 75%] [32mBuilding CXX object CMakeFiles/color_segmentation_node.dir/src/yolov8Predictor.cpp.o[0m
[0.436s] [01m[K/home/ichan/ros2_sim/src/bot_sim/src/utils.cpp:1:10:[m[K [01;31m[Kfatal error: [m[Kutils.h: No such file or directory
[0.436s]     1 | #include [01;31m[K"utils.h"[m[K
[0.436s]       |          [01;31m[K^~~~~~~~~[m[K
[0.436s] compilation terminated.
[0.437s] gmake[2]: *** [CMakeFiles/color_segmentation_node.dir/build.make:104: CMakeFiles/color_segmentation_node.dir/src/utils.cpp.o] Error 1
[0.437s] gmake[2]: *** Waiting for unfinished jobs....
[0.440s] [01m[K/home/ichan/ros2_sim/src/bot_sim/src/yolov8Predictor.cpp:1:10:[m[K [01;31m[Kfatal error: [m[Kyolov8Predictor.h: No such file or directory
[0.440s]     1 | #include [01;31m[K"yolov8Predictor.h"[m[K
[0.440s]       |          [01;31m[K^~~~~~~~~~~~~~~~~~~[m[K
[0.440s] compilation terminated.
[0.440s] gmake[2]: *** [CMakeFiles/color_segmentation_node.dir/build.make:90: CMakeFiles/color_segmentation_node.dir/src/yolov8Predictor.cpp.o] Error 1
[4.382s] gmake[1]: *** [CMakeFiles/Makefile2:137: CMakeFiles/color_segmentation_node.dir/all] Error 2
[4.382s] gmake: *** [Makefile:146: all] Error 2
[4.385s] Invoked command in '/home/ichan/ros2_sim/build/bot_sim' returned '2': CMAKE_PREFIX_PATH=${CMAKE_PREFIX_PATH}:/opt/ros/humble /usr/bin/cmake --build /home/ichan/ros2_sim/build/bot_sim -- -j16 -l16
