[ 25%] [32mBuilding CXX object CMakeFiles/color_segmentation_node.dir/src/color_segmentation_node.cpp.o[0m
[ 50%] [32mBuilding CXX object CMakeFiles/color_segmentation_node.dir/src/utils.cpp.o[0m
[01m[K/home/ichan/ros2_sim/src/bot_sim/src/utils.cpp:1:10:[m[K [01;31m[Kfatal error: [m[Kutils.h: No such file or directory
    1 | #include [01;31m[K"utils.h"[m[K
      |          [01;31m[K^~~~~~~~~[m[K
compilation terminated.
gmake[2]: *** [CMakeFiles/color_segmentation_node.dir/build.make:104: CMakeFiles/color_segmentation_node.dir/src/utils.cpp.o] Error 1
gmake[2]: *** Waiting for unfinished jobs....
In file included from [01m[K/home/ichan/ros2_sim/src/bot_sim/src/color_segmentation_node.cpp:9[m[K:
[01m[K/home/ichan/ros2_sim/src/bot_sim/include/bot_sim/yolov8Predictor.h:3:10:[m[K [01;31m[Kfatal error: [m[Konnxruntime_cxx_api.h: No such file or directory
    3 | #include [01;31m[K<onnxruntime_cxx_api.h>[m[K
      |          [01;31m[K^~~~~~~~~~~~~~~~~~~~~~~[m[K
compilation terminated.
gmake[2]: *** [CMakeFiles/color_segmentation_node.dir/build.make:76: CMakeFiles/color_segmentation_node.dir/src/color_segmentation_node.cpp.o] Error 1
gmake[1]: *** [CMakeFiles/Makefile2:137: CMakeFiles/color_segmentation_node.dir/all] Error 2
gmake: *** [Makefile:146: all] Error 2
