-- Found ament_cmake: 1.3.11 (/opt/ros/humble/share/ament_cmake/cmake)
-- Override CMake install command with custom implementation using symlinks instead of copying resources
-- Found rclcpp: 16.0.12 (/opt/ros/humble/share/rclcpp/cmake)
-- Found rosidl_generator_c: 3.1.6 (/opt/ros/humble/share/rosidl_generator_c/cmake)
-- Found rosidl_adapter: 3.1.6 (/opt/ros/humble/share/rosidl_adapter/cmake)
-- Found rosidl_generator_cpp: 3.1.6 (/opt/ros/humble/share/rosidl_generator_cpp/cmake)
-- Using all available rosidl_typesupport_c: rosidl_typesupport_fastrtps_c;rosidl_typesupport_introspection_c
-- Using all available rosidl_typesupport_cpp: rosidl_typesupport_fastrtps_cpp;rosidl_typesupport_introspection_cpp
-- Found rmw_implementation_cmake: 6.1.2 (/opt/ros/humble/share/rmw_implementation_cmake/cmake)
-- Found rmw_fastrtps_cpp: 6.2.7 (/opt/ros/humble/share/rmw_fastrtps_cpp/cmake)
-- Using RMW implementation 'rmw_fastrtps_cpp' as default
-- Found geometry_msgs: 4.8.0 (/opt/ros/humble/share/geometry_msgs/cmake)
-- Configuring done
-- Generating done
-- Build files have been written to: /home/ichan/ros2_sim/build/bot_sim
[ 25%] [32mBuilding CXX object CMakeFiles/color_segmentation_node.dir/src/color_segmentation_node.cpp.o[0m
[ 50%] [32mBuilding CXX object CMakeFiles/color_segmentation_node.dir/src/yolov8Predictor.cpp.o[0m
[ 75%] [32mBuilding CXX object CMakeFiles/color_segmentation_node.dir/src/utils.cpp.o[0m
[01m[K/home/ichan/ros2_sim/src/bot_sim/src/utils.cpp:[m[K In function â€˜[01m[Kvoid utils::visualizeDetection(cv::Mat&, std::vector<utils::Yolov8Result>&, const std::vector<std::__cxx11::basic_string<char> >&)[m[Kâ€™:
[01m[K/home/ichan/ros2_sim/src/bot_sim/src/utils.cpp:32:30:[m[K [01;31m[Kerror: [m[Kinvalid use of incomplete type â€˜[01m[Kconst struct utils::Yolov8Result[m[Kâ€™
   32 |         cv::rectangle(image, [01;31m[Kres[m[K.box, cv::Scalar(0, 255, 0), 2);
      |                              [01;31m[K^~~[m[K
In file included from [01m[K/home/ichan/ros2_sim/src/bot_sim/src/utils.cpp:1[m[K:
[01m[K/home/ichan/ros2_sim/src/bot_sim/include/bot_sim/utils.h:12:64:[m[K [01;36m[Knote: [m[Kforward declaration of â€˜[01m[Kstruct utils::Yolov8Result[m[Kâ€™
   12 |     void visualizeDetection(cv::Mat &image, std::vector<struct [01;36m[KYolov8Result[m[K> &results,
      |                                                                [01;36m[K^~~~~~~~~~~~[m[K
[01m[K/home/ichan/ros2_sim/src/bot_sim/src/utils.cpp:33:40:[m[K [01;31m[Kerror: [m[Kinvalid use of incomplete type â€˜[01m[Kconst struct utils::Yolov8Result[m[Kâ€™
   33 |         std::string label = classNames[[01;31m[Kres[m[K.classId] + ": " + std::to_string(res.conf);
      |                                        [01;31m[K^~~[m[K
In file included from [01m[K/home/ichan/ros2_sim/src/bot_sim/src/utils.cpp:1[m[K:
[01m[K/home/ichan/ros2_sim/src/bot_sim/include/bot_sim/utils.h:12:64:[m[K [01;36m[Knote: [m[Kforward declaration of â€˜[01m[Kstruct utils::Yolov8Result[m[Kâ€™
   12 |     void visualizeDetection(cv::Mat &image, std::vector<struct [01;36m[KYolov8Result[m[K> &results,
      |                                                                [01;36m[K^~~~~~~~~~~~[m[K
[01m[K/home/ichan/ros2_sim/src/bot_sim/src/utils.cpp:33:77:[m[K [01;31m[Kerror: [m[Kinvalid use of incomplete type â€˜[01m[Kconst struct utils::Yolov8Result[m[Kâ€™
   33 |         std::string label = classNames[res.classId] + ": " + std::to_string([01;31m[Kres[m[K.conf);
      |                                                                             [01;31m[K^~~[m[K
In file included from [01m[K/home/ichan/ros2_sim/src/bot_sim/src/utils.cpp:1[m[K:
[01m[K/home/ichan/ros2_sim/src/bot_sim/include/bot_sim/utils.h:12:64:[m[K [01;36m[Knote: [m[Kforward declaration of â€˜[01m[Kstruct utils::Yolov8Result[m[Kâ€™
   12 |     void visualizeDetection(cv::Mat &image, std::vector<struct [01;36m[KYolov8Result[m[K> &results,
      |                                                                [01;36m[K^~~~~~~~~~~~[m[K
[01m[K/home/ichan/ros2_sim/src/bot_sim/src/utils.cpp:34:45:[m[K [01;31m[Kerror: [m[Kinvalid use of incomplete type â€˜[01m[Kconst struct utils::Yolov8Result[m[Kâ€™
   34 |         cv::putText(image, label, cv::Point([01;31m[Kres[m[K.box.x, res.box.y - 5),
      |                                             [01;31m[K^~~[m[K
In file included from [01m[K/home/ichan/ros2_sim/src/bot_sim/src/utils.cpp:1[m[K:
[01m[K/home/ichan/ros2_sim/src/bot_sim/include/bot_sim/utils.h:12:64:[m[K [01;36m[Knote: [m[Kforward declaration of â€˜[01m[Kstruct utils::Yolov8Result[m[Kâ€™
   12 |     void visualizeDetection(cv::Mat &image, std::vector<struct [01;36m[KYolov8Result[m[K> &results,
      |                                                                [01;36m[K^~~~~~~~~~~~[m[K
[01m[K/home/ichan/ros2_sim/src/bot_sim/src/utils.cpp:34:56:[m[K [01;31m[Kerror: [m[Kinvalid use of incomplete type â€˜[01m[Kconst struct utils::Yolov8Result[m[Kâ€™
   34 |         cv::putText(image, label, cv::Point(res.box.x, [01;31m[Kres[m[K.box.y - 5),
      |                                                        [01;31m[K^~~[m[K
In file included from [01m[K/home/ichan/ros2_sim/src/bot_sim/src/utils.cpp:1[m[K:
[01m[K/home/ichan/ros2_sim/src/bot_sim/include/bot_sim/utils.h:12:64:[m[K [01;36m[Knote: [m[Kforward declaration of â€˜[01m[Kstruct utils::Yolov8Result[m[Kâ€™
   12 |     void visualizeDetection(cv::Mat &image, std::vector<struct [01;36m[KYolov8Result[m[K> &results,
      |                                                                [01;36m[K^~~~~~~~~~~~[m[K
In file included from [01m[K/usr/include/c++/11/bits/stl_algobase.h:67[m[K,
                 from [01m[K/usr/include/c++/11/algorithm:61[m[K,
                 from [01m[K/usr/local/include/opencv4/opencv2/core/base.hpp:55[m[K,
                 from [01m[K/usr/local/include/opencv4/opencv2/core.hpp:53[m[K,
                 from [01m[K/usr/local/include/opencv4/opencv2/opencv.hpp:52[m[K,
                 from [01m[K/home/ichan/ros2_sim/src/bot_sim/include/bot_sim/utils.h:3[m[K,
                 from [01m[K/home/ichan/ros2_sim/src/bot_sim/src/utils.cpp:1[m[K:
/usr/include/c++/11/bits/stl_iterator.h: In instantiation of â€˜[01m[K__gnu_cxx::__normal_iterator<_Iterator, _Container>& __gnu_cxx::__normal_iterator<_Iterator, _Container>::operator++() [with _Iterator = utils::Yolov8Result*; _Container = std::vector<utils::Yolov8Result>][m[Kâ€™:
[01m[K/home/ichan/ros2_sim/src/bot_sim/src/utils.cpp:31:28:[m[K   required from here
[01m[K/usr/include/c++/11/bits/stl_iterator.h:1054:11:[m[K [01;31m[Kerror: [m[Kcannot increment a pointer to incomplete type â€˜[01m[Kutils::Yolov8Result[m[Kâ€™
 1054 |         ++[01;31m[K_M_current[m[K;
      |           [01;31m[K^~~~~~~~~~[m[K
gmake[2]: *** [CMakeFiles/color_segmentation_node.dir/build.make:104: CMakeFiles/color_segmentation_node.dir/src/utils.cpp.o] Error 1
gmake[2]: *** Waiting for unfinished jobs....
[01m[K/home/ichan/ros2_sim/src/bot_sim/src/color_segmentation_node.cpp:[m[K In member function â€˜[01m[Kvoid YoloObjectTrackingNode::timer_callback()[m[Kâ€™:
[01m[K/home/ichan/ros2_sim/src/bot_sim/src/color_segmentation_node.cpp:70:42:[m[K [01;31m[Kerror: [m[Kinvalid initialization of reference of type â€˜[01m[Kstd::vector<utils::Yolov8Result>&[m[Kâ€™ from expression of type â€˜[01m[Kstd::vector<Yolov8Result>[m[Kâ€™
   70 |         utils::visualizeDetection(frame, [01;31m[Kresults[m[K, classNames_);
      |                                          [01;31m[K^~~~~~~[m[K
In file included from [01m[K/home/ichan/ros2_sim/src/bot_sim/src/color_segmentation_node.cpp:7[m[K:
[01m[K/home/ichan/ros2_sim/src/bot_sim/include/bot_sim/utils.h:12:79:[m[K [01;36m[Knote: [m[Kin passing argument 2 of â€˜[01m[Kvoid utils::visualizeDetection(cv::Mat&, std::vector<utils::Yolov8Result>&, const std::vector<std::__cxx11::basic_string<char> >&)[m[Kâ€™
   12 | oid visualizeDetection(cv::Mat &image, [01;36m[Kstd::vector<struct Yolov8Result> &results[m[K,
      |                                        [01;36m[K~~~~~~~~~~~~~~~~~~~~~~~~~~~~~~~~~~^~~~~~~[m[K

gmake[2]: *** [CMakeFiles/color_segmentation_node.dir/build.make:76: CMakeFiles/color_segmentation_node.dir/src/color_segmentation_node.cpp.o] Error 1
gmake[1]: *** [CMakeFiles/Makefile2:137: CMakeFiles/color_segmentation_node.dir/all] Error 2
gmake: *** [Makefile:146: all] Error 2
