[0.008s] Invoking command in '/home/ichan/ros2_sim/build/bot_sim': CMAKE_PREFIX_PATH=${CMAKE_PREFIX_PATH}:/opt/ros/humble /usr/bin/cmake /home/ichan/ros2_sim/src/bot_sim -DAMENT_CMAKE_SYMLINK_INSTALL=1 -DCMAKE_INSTALL_PREFIX=/home/ichan/ros2_sim/install/bot_sim
[0.017s] -- Found ament_cmake: 1.3.11 (/opt/ros/humble/share/ament_cmake/cmake)
[0.109s] -- Override CMake install command with custom implementation using symlinks instead of copying resources
[0.114s] -- Found rclcpp: 16.0.12 (/opt/ros/humble/share/rclcpp/cmake)
[0.134s] -- Found rosidl_generator_c: 3.1.6 (/opt/ros/humble/share/rosidl_generator_c/cmake)
[0.136s] -- Found rosidl_adapter: 3.1.6 (/opt/ros/humble/share/rosidl_adapter/cmake)
[0.140s] -- Found rosidl_generator_cpp: 3.1.6 (/opt/ros/humble/share/rosidl_generator_cpp/cmake)
[0.146s] -- Using all available rosidl_typesupport_c: rosidl_typesupport_fastrtps_c;rosidl_typesupport_introspection_c
[0.155s] -- Using all available rosidl_typesupport_cpp: rosidl_typesupport_fastrtps_cpp;rosidl_typesupport_introspection_cpp
[0.177s] -- Found rmw_implementation_cmake: 6.1.2 (/opt/ros/humble/share/rmw_implementation_cmake/cmake)
[0.177s] -- Found rmw_fastrtps_cpp: 6.2.7 (/opt/ros/humble/share/rmw_fastrtps_cpp/cmake)
[0.254s] -- Using RMW implementation 'rmw_fastrtps_cpp' as default
[0.286s] -- Found geometry_msgs: 4.8.0 (/opt/ros/humble/share/geometry_msgs/cmake)
[0.345s] -- Configuring done
[0.351s] -- Generating done
[0.353s] -- Build files have been written to: /home/ichan/ros2_sim/build/bot_sim
[0.360s] Invoked command in '/home/ichan/ros2_sim/build/bot_sim' returned '0': CMAKE_PREFIX_PATH=${CMAKE_PREFIX_PATH}:/opt/ros/humble /usr/bin/cmake /home/ichan/ros2_sim/src/bot_sim -DAMENT_CMAKE_SYMLINK_INSTALL=1 -DCMAKE_INSTALL_PREFIX=/home/ichan/ros2_sim/install/bot_sim
[0.360s] Invoking command in '/home/ichan/ros2_sim/build/bot_sim': CMAKE_PREFIX_PATH=${CMAKE_PREFIX_PATH}:/opt/ros/humble /usr/bin/cmake --build /home/ichan/ros2_sim/build/bot_sim -- -j16 -l16
[0.415s] [ 25%] [32mBuilding CXX object CMakeFiles/color_segmentation_node.dir/src/color_segmentation_node.cpp.o[0m
[0.418s] [ 50%] [32mBuilding CXX object CMakeFiles/color_segmentation_node.dir/src/yolov8Predictor.cpp.o[0m
[0.418s] [ 75%] [32mBuilding CXX object CMakeFiles/color_segmentation_node.dir/src/utils.cpp.o[0m
[1.439s] [01m[K/home/ichan/ros2_sim/src/bot_sim/src/utils.cpp:[m[K In function â€˜[01m[Kvoid utils::visualizeDetection(cv::Mat&, std::vector<utils::Yolov8Result>&, const std::vector<std::__cxx11::basic_string<char> >&)[m[Kâ€™:
[1.439s] [01m[K/home/ichan/ros2_sim/src/bot_sim/src/utils.cpp:32:30:[m[K [01;31m[Kerror: [m[Kinvalid use of incomplete type â€˜[01m[Kconst struct utils::Yolov8Result[m[Kâ€™
[1.439s]    32 |         cv::rectangle(image, [01;31m[Kres[m[K.box, cv::Scalar(0, 255, 0), 2);
[1.439s]       |                              [01;31m[K^~~[m[K
[1.439s] In file included from [01m[K/home/ichan/ros2_sim/src/bot_sim/src/utils.cpp:1[m[K:
[1.439s] [01m[K/home/ichan/ros2_sim/src/bot_sim/include/bot_sim/utils.h:12:64:[m[K [01;36m[Knote: [m[Kforward declaration of â€˜[01m[Kstruct utils::Yolov8Result[m[Kâ€™
[1.439s]    12 |     void visualizeDetection(cv::Mat &image, std::vector<struct [01;36m[KYolov8Result[m[K> &results,
[1.439s]       |                                                                [01;36m[K^~~~~~~~~~~~[m[K
[1.439s] [01m[K/home/ichan/ros2_sim/src/bot_sim/src/utils.cpp:33:40:[m[K [01;31m[Kerror: [m[Kinvalid use of incomplete type â€˜[01m[Kconst struct utils::Yolov8Result[m[Kâ€™
[1.439s]    33 |         std::string label = classNames[[01;31m[Kres[m[K.classId] + ": " + std::to_string(res.conf);
[1.440s]       |                                        [01;31m[K^~~[m[K
[1.440s] In file included from [01m[K/home/ichan/ros2_sim/src/bot_sim/src/utils.cpp:1[m[K:
[1.440s] [01m[K/home/ichan/ros2_sim/src/bot_sim/include/bot_sim/utils.h:12:64:[m[K [01;36m[Knote: [m[Kforward declaration of â€˜[01m[Kstruct utils::Yolov8Result[m[Kâ€™
[1.440s]    12 |     void visualizeDetection(cv::Mat &image, std::vector<struct [01;36m[KYolov8Result[m[K> &results,
[1.440s]       |                                                                [01;36m[K^~~~~~~~~~~~[m[K
[1.440s] [01m[K/home/ichan/ros2_sim/src/bot_sim/src/utils.cpp:33:77:[m[K [01;31m[Kerror: [m[Kinvalid use of incomplete type â€˜[01m[Kconst struct utils::Yolov8Result[m[Kâ€™
[1.440s]    33 |         std::string label = classNames[res.classId] + ": " + std::to_string([01;31m[Kres[m[K.conf);
[1.440s]       |                                                                             [01;31m[K^~~[m[K
[1.440s] In file included from [01m[K/home/ichan/ros2_sim/src/bot_sim/src/utils.cpp:1[m[K:
[1.440s] [01m[K/home/ichan/ros2_sim/src/bot_sim/include/bot_sim/utils.h:12:64:[m[K [01;36m[Knote: [m[Kforward declaration of â€˜[01m[Kstruct utils::Yolov8Result[m[Kâ€™
[1.440s]    12 |     void visualizeDetection(cv::Mat &image, std::vector<struct [01;36m[KYolov8Result[m[K> &results,
[1.440s]       |                                                                [01;36m[K^~~~~~~~~~~~[m[K
[1.440s] [01m[K/home/ichan/ros2_sim/src/bot_sim/src/utils.cpp:34:45:[m[K [01;31m[Kerror: [m[Kinvalid use of incomplete type â€˜[01m[Kconst struct utils::Yolov8Result[m[Kâ€™
[1.441s]    34 |         cv::putText(image, label, cv::Point([01;31m[Kres[m[K.box.x, res.box.y - 5),
[1.441s]       |                                             [01;31m[K^~~[m[K
[1.441s] In file included from [01m[K/home/ichan/ros2_sim/src/bot_sim/src/utils.cpp:1[m[K:
[1.441s] [01m[K/home/ichan/ros2_sim/src/bot_sim/include/bot_sim/utils.h:12:64:[m[K [01;36m[Knote: [m[Kforward declaration of â€˜[01m[Kstruct utils::Yolov8Result[m[Kâ€™
[1.441s]    12 |     void visualizeDetection(cv::Mat &image, std::vector<struct [01;36m[KYolov8Result[m[K> &results,
[1.441s]       |                                                                [01;36m[K^~~~~~~~~~~~[m[K
[1.441s] [01m[K/home/ichan/ros2_sim/src/bot_sim/src/utils.cpp:34:56:[m[K [01;31m[Kerror: [m[Kinvalid use of incomplete type â€˜[01m[Kconst struct utils::Yolov8Result[m[Kâ€™
[1.441s]    34 |         cv::putText(image, label, cv::Point(res.box.x, [01;31m[Kres[m[K.box.y - 5),
[1.441s]       |                                                        [01;31m[K^~~[m[K
[1.441s] In file included from [01m[K/home/ichan/ros2_sim/src/bot_sim/src/utils.cpp:1[m[K:
[1.441s] [01m[K/home/ichan/ros2_sim/src/bot_sim/include/bot_sim/utils.h:12:64:[m[K [01;36m[Knote: [m[Kforward declaration of â€˜[01m[Kstruct utils::Yolov8Result[m[Kâ€™
[1.441s]    12 |     void visualizeDetection(cv::Mat &image, std::vector<struct [01;36m[KYolov8Result[m[K> &results,
[1.441s]       |                                                                [01;36m[K^~~~~~~~~~~~[m[K
[1.508s] In file included from [01m[K/usr/include/c++/11/bits/stl_algobase.h:67[m[K,
[1.508s]                  from [01m[K/usr/include/c++/11/algorithm:61[m[K,
[1.508s]                  from [01m[K/usr/local/include/opencv4/opencv2/core/base.hpp:55[m[K,
[1.509s]                  from [01m[K/usr/local/include/opencv4/opencv2/core.hpp:53[m[K,
[1.509s]                  from [01m[K/usr/local/include/opencv4/opencv2/opencv.hpp:52[m[K,
[1.509s]                  from [01m[K/home/ichan/ros2_sim/src/bot_sim/include/bot_sim/utils.h:3[m[K,
[1.509s]                  from [01m[K/home/ichan/ros2_sim/src/bot_sim/src/utils.cpp:1[m[K:
[1.509s] /usr/include/c++/11/bits/stl_iterator.h: In instantiation of â€˜[01m[K__gnu_cxx::__normal_iterator<_Iterator, _Container>& __gnu_cxx::__normal_iterator<_Iterator, _Container>::operator++() [with _Iterator = utils::Yolov8Result*; _Container = std::vector<utils::Yolov8Result>][m[Kâ€™:
[1.509s] [01m[K/home/ichan/ros2_sim/src/bot_sim/src/utils.cpp:31:28:[m[K   required from here
[1.509s] [01m[K/usr/include/c++/11/bits/stl_iterator.h:1054:11:[m[K [01;31m[Kerror: [m[Kcannot increment a pointer to incomplete type â€˜[01m[Kutils::Yolov8Result[m[Kâ€™
[1.509s]  1054 |         ++[01;31m[K_M_current[m[K;
[1.509s]       |           [01;31m[K^~~~~~~~~~[m[K
[1.754s] gmake[2]: *** [CMakeFiles/color_segmentation_node.dir/build.make:104: CMakeFiles/color_segmentation_node.dir/src/utils.cpp.o] Error 1
[1.754s] gmake[2]: *** Waiting for unfinished jobs....
[2.485s] [01m[K/home/ichan/ros2_sim/src/bot_sim/src/color_segmentation_node.cpp:[m[K In member function â€˜[01m[Kvoid YoloObjectTrackingNode::timer_callback()[m[Kâ€™:
[2.485s] [01m[K/home/ichan/ros2_sim/src/bot_sim/src/color_segmentation_node.cpp:70:42:[m[K [01;31m[Kerror: [m[Kinvalid initialization of reference of type â€˜[01m[Kstd::vector<utils::Yolov8Result>&[m[Kâ€™ from expression of type â€˜[01m[Kstd::vector<Yolov8Result>[m[Kâ€™
[2.485s]    70 |         utils::visualizeDetection(frame, [01;31m[Kresults[m[K, classNames_);
[2.485s]       |                                          [01;31m[K^~~~~~~[m[K
[2.485s] In file included from [01m[K/home/ichan/ros2_sim/src/bot_sim/src/color_segmentation_node.cpp:7[m[K:
[2.486s] [01m[K/home/ichan/ros2_sim/src/bot_sim/include/bot_sim/utils.h:12:79:[m[K [01;36m[Knote: [m[Kin passing argument 2 of â€˜[01m[Kvoid utils::visualizeDetection(cv::Mat&, std::vector<utils::Yolov8Result>&, const std::vector<std::__cxx11::basic_string<char> >&)[m[Kâ€™
[2.486s]    12 | oid visualizeDetection(cv::Mat &image, [01;36m[Kstd::vector<struct Yolov8Result> &results[m[K,
[2.486s]       |                                        [01;36m[K~~~~~~~~~~~~~~~~~~~~~~~~~~~~~~~~~~^~~~~~~[m[K
[2.486s] 
[3.551s] gmake[2]: *** [CMakeFiles/color_segmentation_node.dir/build.make:76: CMakeFiles/color_segmentation_node.dir/src/color_segmentation_node.cpp.o] Error 1
[3.552s] gmake[1]: *** [CMakeFiles/Makefile2:137: CMakeFiles/color_segmentation_node.dir/all] Error 2
[3.552s] gmake: *** [Makefile:146: all] Error 2
[3.554s] Invoked command in '/home/ichan/ros2_sim/build/bot_sim' returned '2': CMAKE_PREFIX_PATH=${CMAKE_PREFIX_PATH}:/opt/ros/humble /usr/bin/cmake --build /home/ichan/ros2_sim/build/bot_sim -- -j16 -l16
