[35m[1mConsolidate compiler generated dependencies of target color_segmentation_node[0m
[ 25%] [32mBuilding CXX object CMakeFiles/color_segmentation_node.dir/src/utils.cpp.o[0m
[ 75%] [32mBuilding CXX object CMakeFiles/color_segmentation_node.dir/src/yolov8Predictor.cpp.o[0m
[ 75%] [32mBuilding CXX object CMakeFiles/color_segmentation_node.dir/src/color_segmentation_node.cpp.o[0m
[01m[K/home/ichan/ros2_sim/src/bot_sim/src/utils.cpp:1:10:[m[K [01;31m[Kfatal error: [m[Kutils.h: No such file or directory
    1 | #include [01;31m[K"utils.h"[m[K
      |          [01;31m[K^~~~~~~~~[m[K
compilation terminated.
gmake[2]: *** [CMakeFiles/color_segmentation_node.dir/build.make:104: CMakeFiles/color_segmentation_node.dir/src/utils.cpp.o] Error 1
gmake[2]: *** Waiting for unfinished jobs....
[01m[K/home/ichan/ros2_sim/src/bot_sim/src/yolov8Predictor.cpp:1:10:[m[K [01;31m[Kfatal error: [m[Kyolov8Predictor.h: No such file or directory
    1 | #include [01;31m[K"yolov8Predictor.h"[m[K
      |          [01;31m[K^~~~~~~~~~~~~~~~~~~[m[K
compilation terminated.
gmake[2]: *** [CMakeFiles/color_segmentation_node.dir/build.make:90: CMakeFiles/color_segmentation_node.dir/src/yolov8Predictor.cpp.o] Error 1
gmake[1]: *** [CMakeFiles/Makefile2:137: CMakeFiles/color_segmentation_node.dir/all] Error 2
gmake: *** [Makefile:146: all] Error 2
